<?xml version="1.0" encoding="UTF-8"?>
<testsuite xmlns:xsi="http://www.w3.org/2001/XMLSchema-instance" xsi:noNamespaceSchemaLocation="https://maven.apache.org/surefire/maven-surefire-plugin/xsd/surefire-test-report-3.0.xsd" version="3.0" name="InjectedTest" time="17.856" tests="5" errors="0" skipped="0" failures="0">
  <properties>
    <property name="sun.desktop" value="windows"/>
    <property name="awt.toolkit" value="sun.awt.windows.WToolkit"/>
    <property name="java.specification.version" value="11"/>
    <property name="sun.cpu.isalist" value="amd64"/>
    <property name="sun.jnu.encoding" value="Cp1251"/>
    <property name="java.class.path" value="C:\Program Files\Jenkins\masters_degree\jenkins-security-analyzer\target\test-classes;C:\Program Files\Jenkins\masters_degree\jenkins-security-analyzer\target\classes;C:\Users\user\.m2\repository\org\jenkins-ci\plugins\junit\1.57\junit-1.57.jar;C:\Users\user\.m2\repository\io\jenkins\plugins\echarts-api\5.0.2-1\echarts-api-5.0.2-1.jar;C:\Users\user\.m2\repository\org\eclipse\collections\eclipse-collections-api\9.2.0\eclipse-collections-api-9.2.0.jar;C:\Users\user\.m2\repository\org\eclipse\collections\eclipse-collections\9.2.0\eclipse-collections-9.2.0.jar;C:\Users\user\.m2\repository\io\jenkins\plugins\jquery3-api\3.6.0-1\jquery3-api-3.6.0-1.jar;C:\Users\user\.m2\repository\io\jenkins\plugins\checks-api\1.7.2\checks-api-1.7.2.jar;C:\Users\user\.m2\repository\io\jenkins\plugins\plugin-util-api\2.15.0\plugin-util-api-2.15.0.jar;C:\Users\user\.m2\repository\org\jenkins-ci\plugins\display-url-api\2.3.5\display-url-api-2.3.5.jar;C:\Users\user\.m2\repository\io\jenkins\plugins\bootstrap4-api\4.6.0-3\bootstrap4-api-4.6.0-3.jar;C:\Users\user\.m2\repository\io\jenkins\plugins\popper-api\1.16.1-2\popper-api-1.16.1-2.jar;C:\Users\user\.m2\repository\io\jenkins\plugins\font-awesome-api\5.15.2-2\font-awesome-api-5.15.2-2.jar;C:\Users\user\.m2\repository\com\j2html\j2html\1.4.0\j2html-1.4.0.jar;C:\Users\user\.m2\repository\org\jenkins-ci\plugins\workflow\workflow-step-api\622.vb_8e7c15b_c95a_\workflow-step-api-622.vb_8e7c15b_c95a_.jar;C:\Users\user\.m2\repository\org\jenkins-ci\plugins\workflow\workflow-api\1143.v2d42f1e9dea_5\workflow-api-1143.v2d42f1e9dea_5.jar;C:\Users\user\.m2\repository\org\jenkins-ci\plugins\scm-api\2.6.5\scm-api-2.6.5.jar;C:\Users\user\.m2\repository\org\jenkins-ci\plugins\script-security\1138.v8e727069a_025\script-security-1138.v8e727069a_025.jar;C:\Users\user\.m2\repository\org\kohsuke\groovy-sandbox\1.27\groovy-sandbox-1.27.jar;C:\Users\user\.m2\repository\io\jenkins\plugins\caffeine-api\2.9.2-29.v717aac953ff3\caffeine-api-2.9.2-29.v717aac953ff3.jar;C:\Users\user\.m2\repository\com\github\ben-manes\caffeine\caffeine\2.9.2\caffeine-2.9.2.jar;C:\Users\user\.m2\repository\org\jenkins-ci\plugins\jackson2-api\2.13.2-260.v43d711474c77\jackson2-api-2.13.2-260.v43d711474c77.jar;C:\Users\user\.m2\repository\com\fasterxml\jackson\core\jackson-databind\2.13.2\jackson-databind-2.13.2.jar;C:\Users\user\.m2\repository\com\fasterxml\jackson\datatype\jackson-datatype-jsr310\2.13.2\jackson-datatype-jsr310-2.13.2.jar;C:\Users\user\.m2\repository\com\fasterxml\jackson\datatype\jackson-datatype-jdk8\2.13.2\jackson-datatype-jdk8-2.13.2.jar;C:\Users\user\.m2\repository\com\fasterxml\jackson\datatype\jackson-datatype-json-org\2.13.2\jackson-datatype-json-org-2.13.2.jar;C:\Users\user\.m2\repository\org\json\json\20190722\json-20190722.jar;C:\Users\user\.m2\repository\com\fasterxml\jackson\module\jackson-module-parameter-names\2.13.2\jackson-module-parameter-names-2.13.2.jar;C:\Users\user\.m2\repository\com\fasterxml\jackson\core\jackson-core\2.13.2\jackson-core-2.13.2.jar;C:\Users\user\.m2\repository\com\fasterxml\jackson\core\jackson-annotations\2.13.2\jackson-annotations-2.13.2.jar;C:\Users\user\.m2\repository\com\fasterxml\jackson\module\jackson-module-jaxb-annotations\2.13.2\jackson-module-jaxb-annotations-2.13.2.jar;C:\Users\user\.m2\repository\jakarta\xml\bind\jakarta.xml.bind-api\2.3.3\jakarta.xml.bind-api-2.3.3.jar;C:\Users\user\.m2\repository\com\fasterxml\jackson\dataformat\jackson-dataformat-cbor\2.13.2\jackson-dataformat-cbor-2.13.2.jar;C:\Users\user\.m2\repository\com\fasterxml\jackson\dataformat\jackson-dataformat-xml\2.13.2\jackson-dataformat-xml-2.13.2.jar;C:\Users\user\.m2\repository\org\codehaus\woodstox\stax2-api\4.2.1\stax2-api-4.2.1.jar;C:\Users\user\.m2\repository\com\fasterxml\woodstox\woodstox-core\6.2.7\woodstox-core-6.2.7.jar;C:\Users\user\.m2\repository\com\fasterxml\jackson\dataformat\jackson-dataformat-yaml\2.13.2\jackson-dataformat-yaml-2.13.2.jar;C:\Users\user\.m2\repository\com\fasterxml\jackson\jaxrs\jackson-jaxrs-json-provider\2.13.2\jackson-jaxrs-json-provider-2.13.2.jar;C:\Users\user\.m2\repository\com\fasterxml\jackson\jaxrs\jackson-jaxrs-base\2.13.2\jackson-jaxrs-base-2.13.2.jar;C:\Users\user\.m2\repository\io\jenkins\plugins\snakeyaml-api\1.29.1\snakeyaml-api-1.29.1.jar;C:\Users\user\.m2\repository\org\yaml\snakeyaml\1.29\snakeyaml-1.29.jar;C:\Users\user\.m2\repository\org\jenkins-ci\plugins\workflow\workflow-job\2.42\workflow-job-2.42.jar;C:\Users\user\.m2\repository\org\jenkins-ci\plugins\workflow\workflow-support\3.8\workflow-support-3.8.jar;C:\Users\user\.m2\repository\org\jboss\marshalling\jboss-marshalling-river\2.0.6.Final\jboss-marshalling-river-2.0.6.Final.jar;C:\Users\user\.m2\repository\org\jboss\marshalling\jboss-marshalling\2.0.6.Final\jboss-marshalling-2.0.6.Final.jar;C:\Users\user\.m2\repository\org\jenkins-ci\plugins\credentials\2.6.1\credentials-2.6.1.jar;C:\Users\user\.m2\repository\org\jenkins-ci\plugins\structs\1.23\structs-1.23.jar;C:\Users\user\.m2\repository\org\antlr\antlr4-runtime\4.9.2\antlr4-runtime-4.9.2.jar;C:\Users\user\.m2\repository\org\jenkins-ci\main\jenkins-core\2.361.4\jenkins-core-2.361.4.jar;C:\Users\user\.m2\repository\org\jenkins-ci\main\cli\2.361.4\cli-2.361.4.jar;C:\Users\user\.m2\repository\org\jenkins-ci\main\remoting\3044.vb_940a_a_e4f72e\remoting-3044.vb_940a_a_e4f72e.jar;C:\Users\user\.m2\repository\antlr\antlr\2.7.7\antlr-2.7.7.jar;C:\Users\user\.m2\repository\args4j\args4j\2.33\args4j-2.33.jar;C:\Users\user\.m2\repository\com\github\spotbugs\spotbugs-annotations\4.7.1\spotbugs-annotations-4.7.1.jar;C:\Users\user\.m2\repository\com\google\guava\guava\31.1-jre\guava-31.1-jre.jar;C:\Users\user\.m2\repository\com\google\guava\failureaccess\1.0.1\failureaccess-1.0.1.jar;C:\Users\user\.m2\repository\com\google\guava\listenablefuture\9999.0-empty-to-avoid-conflict-with-guava\listenablefuture-9999.0-empty-to-avoid-conflict-with-guava.jar;C:\Users\user\.m2\repository\com\google\code\findbugs\jsr305\3.0.1\jsr305-3.0.1.jar;C:\Users\user\.m2\repository\com\google\inject\guice\5.0.1\guice-5.0.1.jar;C:\Users\user\.m2\repository\javax\inject\javax.inject\1\javax.inject-1.jar;C:\Users\user\.m2\repository\com\infradna\tool\bridge-method-annotation\1.23\bridge-method-annotation-1.23.jar;C:\Users\user\.m2\repository\com\jcraft\jzlib\1.1.3-kohsuke-1\jzlib-1.1.3-kohsuke-1.jar;C:\Users\user\.m2\repository\com\sun\solaris\embedded_su4j\1.1\embedded_su4j-1.1.jar;C:\Users\user\.m2\repository\com\sun\xml\txw2\txw2\20110809\txw2-20110809.jar;C:\Users\user\.m2\repository\relaxngDatatype\relaxngDatatype\20020414\relaxngDatatype-20020414.jar;C:\Users\user\.m2\repository\com\thoughtworks\xstream\xstream\1.4.19\xstream-1.4.19.jar;C:\Users\user\.m2\repository\io\github\x-stream\mxparser\1.2.2\mxparser-1.2.2.jar;C:\Users\user\.m2\repository\commons-beanutils\commons-beanutils\1.9.4\commons-beanutils-1.9.4.jar;C:\Users\user\.m2\repository\commons-codec\commons-codec\1.15\commons-codec-1.15.jar;C:\Users\user\.m2\repository\commons-collections\commons-collections\3.2.2\commons-collections-3.2.2.jar;C:\Users\user\.m2\repository\commons-fileupload\commons-fileupload\1.4\commons-fileupload-1.4.jar;C:\Users\user\.m2\repository\commons-httpclient\commons-httpclient\3.1-jenkins-3\commons-httpclient-3.1-jenkins-3.jar;C:\Users\user\.m2\repository\commons-io\commons-io\2.11.0\commons-io-2.11.0.jar;C:\Users\user\.m2\repository\commons-jelly\commons-jelly-tags-fmt\1.0\commons-jelly-tags-fmt-1.0.jar;C:\Users\user\.m2\repository\commons-jelly\commons-jelly-tags-xml\1.1\commons-jelly-tags-xml-1.1.jar;C:\Users\user\.m2\repository\commons-lang\commons-lang\2.6\commons-lang-2.6.jar;C:\Users\user\.m2\repository\io\jenkins\stapler\jenkins-stapler-support\1.1\jenkins-stapler-support-1.1.jar;C:\Users\user\.m2\repository\jakarta\servlet\jsp\jstl\jakarta.servlet.jsp.jstl-api\1.2.7\jakarta.servlet.jsp.jstl-api-1.2.7.jar;C:\Users\user\.m2\repository\jaxen\jaxen\1.2.0\jaxen-1.2.0.jar;C:\Users\user\.m2\repository\jline\jline\2.14.6\jline-2.14.6.jar;C:\Users\user\.m2\repository\net\java\dev\jna\jna\5.12.1\jna-5.12.1.jar;C:\Users\user\.m2\repository\net\java\sezpoz\sezpoz\1.13\sezpoz-1.13.jar;C:\Users\user\.m2\repository\net\jcip\jcip-annotations\1.0\jcip-annotations-1.0.jar;C:\Users\user\.m2\repository\net\sf\kxml\kxml2\2.3.0\kxml2-2.3.0.jar;C:\Users\user\.m2\repository\org\apache\ant\ant\1.10.12\ant-1.10.12.jar;C:\Users\user\.m2\repository\org\apache\ant\ant-launcher\1.10.12\ant-launcher-1.10.12.jar;C:\Users\user\.m2\repository\org\apache\commons\commons-compress\1.21\commons-compress-1.21.jar;C:\Users\user\.m2\repository\org\codehaus\groovy\groovy-all\2.4.21\groovy-all-2.4.21.jar;C:\Users\user\.m2\repository\org\connectbot\jbcrypt\jbcrypt\1.0.0\jbcrypt-1.0.0.jar;C:\Users\user\.m2\repository\org\fusesource\jansi\jansi\1.11\jansi-1.11.jar;C:\Users\user\.m2\repository\org\jenkins-ci\annotation-indexer\1.16\annotation-indexer-1.16.jar;C:\Users\user\.m2\repository\org\jenkins-ci\commons-jexl\1.1-jenkins-20111212\commons-jexl-1.1-jenkins-20111212.jar;C:\Users\user\.m2\repository\org\jenkins-ci\crypto-util\1.7\crypto-util-1.7.jar;C:\Users\user\.m2\repository\org\jenkins-ci\memory-monitor\1.11\memory-monitor-1.11.jar;C:\Users\user\.m2\repository\org\jenkins-ci\symbol-annotation\1.23\symbol-annotation-1.23.jar;C:\Users\user\.m2\repository\org\jenkins-ci\task-reactor\1.7\task-reactor-1.7.jar;C:\Users\user\.m2\repository\org\jenkins-ci\version-number\1.10\version-number-1.10.jar;C:\Users\user\.m2\repository\org\jenkins-ci\main\websocket-spi\2.361.4\websocket-spi-2.361.4.jar;C:\Users\user\.m2\repository\org\jfree\jfreechart\1.0.19\jfreechart-1.0.19.jar;C:\Users\user\.m2\repository\org\jfree\jcommon\1.0.23\jcommon-1.0.23.jar;C:\Users\user\.m2\repository\org\jvnet\hudson\commons-jelly-tags-define\1.0.1-hudson-20071021\commons-jelly-tags-define-1.0.1-hudson-20071021.jar;C:\Users\user\.m2\repository\org\jvnet\localizer\localizer\1.31\localizer-1.31.jar;C:\Users\user\.m2\repository\org\jvnet\robust-http-client\robust-http-client\1.2\robust-http-client-1.2.jar;C:\Users\user\.m2\repository\org\jvnet\winp\winp\1.28\winp-1.28.jar;C:\Users\user\.m2\repository\org\kohsuke\access-modifier-annotation\1.27\access-modifier-annotation-1.27.jar;C:\Users\user\.m2\repository\org\kohsuke\windows-package-checker\1.2\windows-package-checker-1.2.jar;C:\Users\user\.m2\repository\org\kohsuke\jinterop\j-interop\2.0.8-kohsuke-1\j-interop-2.0.8-kohsuke-1.jar;C:\Users\user\.m2\repository\org\kohsuke\jinterop\j-interopdeps\2.0.8-kohsuke-1\j-interopdeps-2.0.8-kohsuke-1.jar;C:\Users\user\.m2\repository\org\samba\jcifs\jcifs\1.3.18-kohsuke-1\jcifs-1.3.18-kohsuke-1.jar;C:\Users\user\.m2\repository\org\kohsuke\stapler\json-lib\2.4-jenkins-3\json-lib-2.4-jenkins-3.jar;C:\Users\user\.m2\repository\net\sf\ezmorph\ezmorph\1.0.6\ezmorph-1.0.6.jar;C:\Users\user\.m2\repository\org\kohsuke\stapler\stapler\1711.1713.vc400cfb_5597a_\stapler-1711.1713.vc400cfb_5597a_.jar;C:\Users\user\.m2\repository\commons-discovery\commons-discovery\0.5\commons-discovery-0.5.jar;C:\Users\user\.m2\repository\jakarta\annotation\jakarta.annotation-api\2.1.1\jakarta.annotation-api-2.1.1.jar;C:\Users\user\.m2\repository\javax\annotation\javax.annotation-api\1.3.2\javax.annotation-api-1.3.2.jar;C:\Users\user\.m2\repository\org\jvnet\tiger-types\2.2\tiger-types-2.2.jar;C:\Users\user\.m2\repository\org\kohsuke\stapler\stapler-adjunct-codemirror\1.3\stapler-adjunct-codemirror-1.3.jar;C:\Users\user\.m2\repository\org\kohsuke\stapler\stapler-adjunct-timeline\1.5\stapler-adjunct-timeline-1.5.jar;C:\Users\user\.m2\repository\org\kohsuke\stapler\stapler-groovy\1711.1713.vc400cfb_5597a_\stapler-groovy-1711.1713.vc400cfb_5597a_.jar;C:\Users\user\.m2\repository\org\kohsuke\stapler\stapler-jelly\1711.1713.vc400cfb_5597a_\stapler-jelly-1711.1713.vc400cfb_5597a_.jar;C:\Users\user\.m2\repository\org\dom4j\dom4j\2.1.3\dom4j-2.1.3.jar;C:\Users\user\.m2\repository\org\jenkins-ci\commons-jelly\1.1-jenkins-20220630\commons-jelly-1.1-jenkins-20220630.jar;C:\Users\user\.m2\repository\org\ow2\asm\asm\9.3\asm-9.3.jar;C:\Users\user\.m2\repository\org\ow2\asm\asm-analysis\9.3\asm-analysis-9.3.jar;C:\Users\user\.m2\repository\org\ow2\asm\asm-commons\9.3\asm-commons-9.3.jar;C:\Users\user\.m2\repository\org\ow2\asm\asm-tree\9.3\asm-tree-9.3.jar;C:\Users\user\.m2\repository\org\ow2\asm\asm-util\9.3\asm-util-9.3.jar;C:\Users\user\.m2\repository\org\slf4j\jcl-over-slf4j\1.7.36\jcl-over-slf4j-1.7.36.jar;C:\Users\user\.m2\repository\org\slf4j\slf4j-api\1.7.36\slf4j-api-1.7.36.jar;C:\Users\user\.m2\repository\org\slf4j\log4j-over-slf4j\1.7.36\log4j-over-slf4j-1.7.36.jar;C:\Users\user\.m2\repository\org\springframework\security\spring-security-web\5.7.2\spring-security-web-5.7.2.jar;C:\Users\user\.m2\repository\org\springframework\security\spring-security-core\5.7.2\spring-security-core-5.7.2.jar;C:\Users\user\.m2\repository\org\springframework\security\spring-security-crypto\5.7.2\spring-security-crypto-5.7.2.jar;C:\Users\user\.m2\repository\org\springframework\spring-core\5.3.22\spring-core-5.3.22.jar;C:\Users\user\.m2\repository\org\springframework\spring-aop\5.3.22\spring-aop-5.3.22.jar;C:\Users\user\.m2\repository\org\springframework\spring-beans\5.3.22\spring-beans-5.3.22.jar;C:\Users\user\.m2\repository\org\springframework\spring-context\5.3.22\spring-context-5.3.22.jar;C:\Users\user\.m2\repository\org\springframework\spring-expression\5.3.22\spring-expression-5.3.22.jar;C:\Users\user\.m2\repository\org\springframework\spring-web\5.3.22\spring-web-5.3.22.jar;C:\Users\user\.m2\repository\xpp3\xpp3\1.1.4c\xpp3-1.1.4c.jar;C:\Users\user\.m2\repository\org\jenkins-ci\main\jenkins-war\2.361.4\jenkins-war-2.361.4.war;C:\Users\user\.m2\repository\org\jenkins-ci\main\websocket-jetty10\2.361.4\websocket-jetty10-2.361.4.jar;C:\Users\user\.m2\repository\org\kohsuke\metainf-services\metainf-services\1.9\metainf-services-1.9.jar;C:\Users\user\.m2\repository\org\jenkins-ci\main\websocket-jetty9\2.361.4\websocket-jetty9-2.361.4.jar;C:\Users\user\.m2\repository\org\slf4j\slf4j-jdk14\1.7.36\slf4j-jdk14-1.7.36.jar;C:\Users\user\.m2\repository\jakarta\servlet\jakarta.servlet-api\4.0.4\jakarta.servlet-api-4.0.4.jar;C:\Users\user\.m2\repository\commons-logging\commons-logging\1.2\commons-logging-1.2.jar;C:\Users\user\.m2\repository\org\jenkins-ci\main\jenkins-test-harness\1971.v8a_5a_6cfd6e5d\jenkins-test-harness-1971.v8a_5a_6cfd6e5d.jar;C:\Users\user\.m2\repository\org\jenkins-ci\main\jenkins-test-harness-htmlunit\141.v740721146265\jenkins-test-harness-htmlunit-141.v740721146265.jar;C:\Users\user\.m2\repository\commons-net\commons-net\3.9.0\commons-net-3.9.0.jar;C:\Users\user\.m2\repository\org\brotli\dec\0.1.2\dec-0.1.2.jar;C:\Users\user\.m2\repository\com\shapesecurity\salvation2\3.0.1\salvation2-3.0.1.jar;C:\Users\user\.m2\repository\io\jenkins\lib\support-log-formatter\1.2\support-log-formatter-1.2.jar;C:\Users\user\.m2\repository\junit\junit\4.13.2\junit-4.13.2.jar;C:\Users\user\.m2\repository\org\eclipse\jetty\jetty-security\10.0.15\jetty-security-10.0.15.jar;C:\Users\user\.m2\repository\org\eclipse\jetty\jetty-server\10.0.15\jetty-server-10.0.15.jar;C:\Users\user\.m2\repository\org\eclipse\jetty\jetty-http\10.0.15\jetty-http-10.0.15.jar;C:\Users\user\.m2\repository\org\eclipse\jetty\jetty-io\10.0.15\jetty-io-10.0.15.jar;C:\Users\user\.m2\repository\org\eclipse\jetty\jetty-webapp\10.0.15\jetty-webapp-10.0.15.jar;C:\Users\user\.m2\repository\org\eclipse\jetty\jetty-servlet\10.0.15\jetty-servlet-10.0.15.jar;C:\Users\user\.m2\repository\org\eclipse\jetty\jetty-xml\10.0.15\jetty-xml-10.0.15.jar;C:\Users\user\.m2\repository\org\eclipse\jetty\jetty-util\10.0.15\jetty-util-10.0.15.jar;C:\Users\user\.m2\repository\org\eclipse\jetty\websocket\websocket-jetty-server\10.0.15\websocket-jetty-server-10.0.15.jar;C:\Users\user\.m2\repository\org\eclipse\jetty\websocket\websocket-jetty-api\10.0.15\websocket-jetty-api-10.0.15.jar;C:\Users\user\.m2\repository\org\eclipse\jetty\websocket\websocket-jetty-common\10.0.15\websocket-jetty-common-10.0.15.jar;C:\Users\user\.m2\repository\org\eclipse\jetty\websocket\websocket-core-common\10.0.15\websocket-core-common-10.0.15.jar;C:\Users\user\.m2\repository\org\eclipse\jetty\websocket\websocket-servlet\10.0.15\websocket-servlet-10.0.15.jar;C:\Users\user\.m2\repository\org\eclipse\jetty\websocket\websocket-core-server\10.0.15\websocket-core-server-10.0.15.jar;C:\Users\user\.m2\repository\org\eclipse\jetty\toolchain\jetty-servlet-api\4.0.6\jetty-servlet-api-4.0.6.jar;C:\Users\user\.m2\repository\org\hamcrest\hamcrest\2.2\hamcrest-2.2.jar;C:\Users\user\.m2\repository\org\hamcrest\hamcrest-core\2.2\hamcrest-core-2.2.jar;C:\Users\user\.m2\repository\org\hamcrest\hamcrest-library\2.2\hamcrest-library-2.2.jar;C:\Users\user\.m2\repository\org\junit\jupiter\junit-jupiter-api\5.9.3\junit-jupiter-api-5.9.3.jar;C:\Users\user\.m2\repository\org\opentest4j\opentest4j\1.2.0\opentest4j-1.2.0.jar;C:\Users\user\.m2\repository\org\junit\platform\junit-platform-commons\1.9.3\junit-platform-commons-1.9.3.jar;C:\Users\user\.m2\repository\org\jvnet\hudson\embedded-rhino-debugger\1.2\embedded-rhino-debugger-1.2.jar;C:\Users\user\.m2\repository\org\netbeans\modules\org-netbeans-insane\RELEASE170\org-netbeans-insane-RELEASE170.jar;C:\Users\user\.m2\repository\org\openjdk\jmh\jmh-core\1.36\jmh-core-1.36.jar;C:\Users\user\.m2\repository\net\sf\jopt-simple\jopt-simple\5.0.4\jopt-simple-5.0.4.jar;C:\Users\user\.m2\repository\org\apache\commons\commons-math3\3.2\commons-math3-3.2.jar;C:\Users\user\.m2\repository\org\openjdk\jmh\jmh-generator-annprocess\1.36\jmh-generator-annprocess-1.36.jar;C:\Users\user\.m2\repository\org\jenkins-ci\test-annotations\1.4\test-annotations-1.4.jar;C:\Users\user\.m2\repository\org\junit\jupiter\junit-jupiter\5.9.3\junit-jupiter-5.9.3.jar;C:\Users\user\.m2\repository\org\junit\jupiter\junit-jupiter-params\5.9.3\junit-jupiter-params-5.9.3.jar;C:\Users\user\.m2\repository\org\junit\jupiter\junit-jupiter-engine\5.9.3\junit-jupiter-engine-5.9.3.jar;C:\Users\user\.m2\repository\org\junit\vintage\junit-vintage-engine\5.9.3\junit-vintage-engine-5.9.3.jar;C:\Users\user\.m2\repository\org\junit\platform\junit-platform-engine\1.9.3\junit-platform-engine-1.9.3.jar;C:\Users\user\.m2\repository\org\apiguardian\apiguardian-api\1.1.2\apiguardian-api-1.1.2.jar;"/>
    <property name="java.vm.vendor" value="Oracle Corporation"/>
    <property name="sun.arch.data.model" value="64"/>
    <property name="user.variant" value=""/>
    <property name="java.vendor.url" value="https://java.oracle.com/"/>
    <property name="user.timezone" value="Europe/Moscow"/>
    <property name="mvnd.terminalWidth" value="120"/>
    <property name="java.vm.specification.version" value="11"/>
    <property name="os.name" value="Windows 10"/>
    <property name="sun.java.launcher" value="SUN_STANDARD"/>
    <property name="user.country" value="RU"/>
    <property name="sun.boot.library.path" value="C:\Program Files\Java\jdk-11\bin"/>
    <property name="sun.java.command" value="C:\Users\user\AppData\Local\Temp\surefire10135954449985764095\surefirebooter-20250508211152554_3.jar C:\Users\user\AppData\Local\Temp\surefire10135954449985764095 2025-05-08T21-11-51_841-jvmRun1 surefire-20250508211152554_1tmp surefire_0-20250508211152554_2tmp"/>
    <property name="jdk.debug" value="release"/>
    <property name="surefire.test.class.path" value="C:\Program Files\Jenkins\masters_degree\jenkins-security-analyzer\target\test-classes;C:\Program Files\Jenkins\masters_degree\jenkins-security-analyzer\target\classes;C:\Users\user\.m2\repository\org\jenkins-ci\plugins\junit\1.57\junit-1.57.jar;C:\Users\user\.m2\repository\io\jenkins\plugins\echarts-api\5.0.2-1\echarts-api-5.0.2-1.jar;C:\Users\user\.m2\repository\org\eclipse\collections\eclipse-collections-api\9.2.0\eclipse-collections-api-9.2.0.jar;C:\Users\user\.m2\repository\org\eclipse\collections\eclipse-collections\9.2.0\eclipse-collections-9.2.0.jar;C:\Users\user\.m2\repository\io\jenkins\plugins\jquery3-api\3.6.0-1\jquery3-api-3.6.0-1.jar;C:\Users\user\.m2\repository\io\jenkins\plugins\checks-api\1.7.2\checks-api-1.7.2.jar;C:\Users\user\.m2\repository\io\jenkins\plugins\plugin-util-api\2.15.0\plugin-util-api-2.15.0.jar;C:\Users\user\.m2\repository\org\jenkins-ci\plugins\display-url-api\2.3.5\display-url-api-2.3.5.jar;C:\Users\user\.m2\repository\io\jenkins\plugins\bootstrap4-api\4.6.0-3\bootstrap4-api-4.6.0-3.jar;C:\Users\user\.m2\repository\io\jenkins\plugins\popper-api\1.16.1-2\popper-api-1.16.1-2.jar;C:\Users\user\.m2\repository\io\jenkins\plugins\font-awesome-api\5.15.2-2\font-awesome-api-5.15.2-2.jar;C:\Users\user\.m2\repository\com\j2html\j2html\1.4.0\j2html-1.4.0.jar;C:\Users\user\.m2\repository\org\jenkins-ci\plugins\workflow\workflow-step-api\622.vb_8e7c15b_c95a_\workflow-step-api-622.vb_8e7c15b_c95a_.jar;C:\Users\user\.m2\repository\org\jenkins-ci\plugins\workflow\workflow-api\1143.v2d42f1e9dea_5\workflow-api-1143.v2d42f1e9dea_5.jar;C:\Users\user\.m2\repository\org\jenkins-ci\plugins\scm-api\2.6.5\scm-api-2.6.5.jar;C:\Users\user\.m2\repository\org\jenkins-ci\plugins\script-security\1138.v8e727069a_025\script-security-1138.v8e727069a_025.jar;C:\Users\user\.m2\repository\org\kohsuke\groovy-sandbox\1.27\groovy-sandbox-1.27.jar;C:\Users\user\.m2\repository\io\jenkins\plugins\caffeine-api\2.9.2-29.v717aac953ff3\caffeine-api-2.9.2-29.v717aac953ff3.jar;C:\Users\user\.m2\repository\com\github\ben-manes\caffeine\caffeine\2.9.2\caffeine-2.9.2.jar;C:\Users\user\.m2\repository\org\jenkins-ci\plugins\jackson2-api\2.13.2-260.v43d711474c77\jackson2-api-2.13.2-260.v43d711474c77.jar;C:\Users\user\.m2\repository\com\fasterxml\jackson\core\jackson-databind\2.13.2\jackson-databind-2.13.2.jar;C:\Users\user\.m2\repository\com\fasterxml\jackson\datatype\jackson-datatype-jsr310\2.13.2\jackson-datatype-jsr310-2.13.2.jar;C:\Users\user\.m2\repository\com\fasterxml\jackson\datatype\jackson-datatype-jdk8\2.13.2\jackson-datatype-jdk8-2.13.2.jar;C:\Users\user\.m2\repository\com\fasterxml\jackson\datatype\jackson-datatype-json-org\2.13.2\jackson-datatype-json-org-2.13.2.jar;C:\Users\user\.m2\repository\org\json\json\20190722\json-20190722.jar;C:\Users\user\.m2\repository\com\fasterxml\jackson\module\jackson-module-parameter-names\2.13.2\jackson-module-parameter-names-2.13.2.jar;C:\Users\user\.m2\repository\com\fasterxml\jackson\core\jackson-core\2.13.2\jackson-core-2.13.2.jar;C:\Users\user\.m2\repository\com\fasterxml\jackson\core\jackson-annotations\2.13.2\jackson-annotations-2.13.2.jar;C:\Users\user\.m2\repository\com\fasterxml\jackson\module\jackson-module-jaxb-annotations\2.13.2\jackson-module-jaxb-annotations-2.13.2.jar;C:\Users\user\.m2\repository\jakarta\xml\bind\jakarta.xml.bind-api\2.3.3\jakarta.xml.bind-api-2.3.3.jar;C:\Users\user\.m2\repository\com\fasterxml\jackson\dataformat\jackson-dataformat-cbor\2.13.2\jackson-dataformat-cbor-2.13.2.jar;C:\Users\user\.m2\repository\com\fasterxml\jackson\dataformat\jackson-dataformat-xml\2.13.2\jackson-dataformat-xml-2.13.2.jar;C:\Users\user\.m2\repository\org\codehaus\woodstox\stax2-api\4.2.1\stax2-api-4.2.1.jar;C:\Users\user\.m2\repository\com\fasterxml\woodstox\woodstox-core\6.2.7\woodstox-core-6.2.7.jar;C:\Users\user\.m2\repository\com\fasterxml\jackson\dataformat\jackson-dataformat-yaml\2.13.2\jackson-dataformat-yaml-2.13.2.jar;C:\Users\user\.m2\repository\com\fasterxml\jackson\jaxrs\jackson-jaxrs-json-provider\2.13.2\jackson-jaxrs-json-provider-2.13.2.jar;C:\Users\user\.m2\repository\com\fasterxml\jackson\jaxrs\jackson-jaxrs-base\2.13.2\jackson-jaxrs-base-2.13.2.jar;C:\Users\user\.m2\repository\io\jenkins\plugins\snakeyaml-api\1.29.1\snakeyaml-api-1.29.1.jar;C:\Users\user\.m2\repository\org\yaml\snakeyaml\1.29\snakeyaml-1.29.jar;C:\Users\user\.m2\repository\org\jenkins-ci\plugins\workflow\workflow-job\2.42\workflow-job-2.42.jar;C:\Users\user\.m2\repository\org\jenkins-ci\plugins\workflow\workflow-support\3.8\workflow-support-3.8.jar;C:\Users\user\.m2\repository\org\jboss\marshalling\jboss-marshalling-river\2.0.6.Final\jboss-marshalling-river-2.0.6.Final.jar;C:\Users\user\.m2\repository\org\jboss\marshalling\jboss-marshalling\2.0.6.Final\jboss-marshalling-2.0.6.Final.jar;C:\Users\user\.m2\repository\org\jenkins-ci\plugins\credentials\2.6.1\credentials-2.6.1.jar;C:\Users\user\.m2\repository\org\jenkins-ci\plugins\structs\1.23\structs-1.23.jar;C:\Users\user\.m2\repository\org\antlr\antlr4-runtime\4.9.2\antlr4-runtime-4.9.2.jar;C:\Users\user\.m2\repository\org\jenkins-ci\main\jenkins-core\2.361.4\jenkins-core-2.361.4.jar;C:\Users\user\.m2\repository\org\jenkins-ci\main\cli\2.361.4\cli-2.361.4.jar;C:\Users\user\.m2\repository\org\jenkins-ci\main\remoting\3044.vb_940a_a_e4f72e\remoting-3044.vb_940a_a_e4f72e.jar;C:\Users\user\.m2\repository\antlr\antlr\2.7.7\antlr-2.7.7.jar;C:\Users\user\.m2\repository\args4j\args4j\2.33\args4j-2.33.jar;C:\Users\user\.m2\repository\com\github\spotbugs\spotbugs-annotations\4.7.1\spotbugs-annotations-4.7.1.jar;C:\Users\user\.m2\repository\com\google\guava\guava\31.1-jre\guava-31.1-jre.jar;C:\Users\user\.m2\repository\com\google\guava\failureaccess\1.0.1\failureaccess-1.0.1.jar;C:\Users\user\.m2\repository\com\google\guava\listenablefuture\9999.0-empty-to-avoid-conflict-with-guava\listenablefuture-9999.0-empty-to-avoid-conflict-with-guava.jar;C:\Users\user\.m2\repository\com\google\code\findbugs\jsr305\3.0.1\jsr305-3.0.1.jar;C:\Users\user\.m2\repository\com\google\inject\guice\5.0.1\guice-5.0.1.jar;C:\Users\user\.m2\repository\javax\inject\javax.inject\1\javax.inject-1.jar;C:\Users\user\.m2\repository\com\infradna\tool\bridge-method-annotation\1.23\bridge-method-annotation-1.23.jar;C:\Users\user\.m2\repository\com\jcraft\jzlib\1.1.3-kohsuke-1\jzlib-1.1.3-kohsuke-1.jar;C:\Users\user\.m2\repository\com\sun\solaris\embedded_su4j\1.1\embedded_su4j-1.1.jar;C:\Users\user\.m2\repository\com\sun\xml\txw2\txw2\20110809\txw2-20110809.jar;C:\Users\user\.m2\repository\relaxngDatatype\relaxngDatatype\20020414\relaxngDatatype-20020414.jar;C:\Users\user\.m2\repository\com\thoughtworks\xstream\xstream\1.4.19\xstream-1.4.19.jar;C:\Users\user\.m2\repository\io\github\x-stream\mxparser\1.2.2\mxparser-1.2.2.jar;C:\Users\user\.m2\repository\commons-beanutils\commons-beanutils\1.9.4\commons-beanutils-1.9.4.jar;C:\Users\user\.m2\repository\commons-codec\commons-codec\1.15\commons-codec-1.15.jar;C:\Users\user\.m2\repository\commons-collections\commons-collections\3.2.2\commons-collections-3.2.2.jar;C:\Users\user\.m2\repository\commons-fileupload\commons-fileupload\1.4\commons-fileupload-1.4.jar;C:\Users\user\.m2\repository\commons-httpclient\commons-httpclient\3.1-jenkins-3\commons-httpclient-3.1-jenkins-3.jar;C:\Users\user\.m2\repository\commons-io\commons-io\2.11.0\commons-io-2.11.0.jar;C:\Users\user\.m2\repository\commons-jelly\commons-jelly-tags-fmt\1.0\commons-jelly-tags-fmt-1.0.jar;C:\Users\user\.m2\repository\commons-jelly\commons-jelly-tags-xml\1.1\commons-jelly-tags-xml-1.1.jar;C:\Users\user\.m2\repository\commons-lang\commons-lang\2.6\commons-lang-2.6.jar;C:\Users\user\.m2\repository\io\jenkins\stapler\jenkins-stapler-support\1.1\jenkins-stapler-support-1.1.jar;C:\Users\user\.m2\repository\jakarta\servlet\jsp\jstl\jakarta.servlet.jsp.jstl-api\1.2.7\jakarta.servlet.jsp.jstl-api-1.2.7.jar;C:\Users\user\.m2\repository\jaxen\jaxen\1.2.0\jaxen-1.2.0.jar;C:\Users\user\.m2\repository\jline\jline\2.14.6\jline-2.14.6.jar;C:\Users\user\.m2\repository\net\java\dev\jna\jna\5.12.1\jna-5.12.1.jar;C:\Users\user\.m2\repository\net\java\sezpoz\sezpoz\1.13\sezpoz-1.13.jar;C:\Users\user\.m2\repository\net\jcip\jcip-annotations\1.0\jcip-annotations-1.0.jar;C:\Users\user\.m2\repository\net\sf\kxml\kxml2\2.3.0\kxml2-2.3.0.jar;C:\Users\user\.m2\repository\org\apache\ant\ant\1.10.12\ant-1.10.12.jar;C:\Users\user\.m2\repository\org\apache\ant\ant-launcher\1.10.12\ant-launcher-1.10.12.jar;C:\Users\user\.m2\repository\org\apache\commons\commons-compress\1.21\commons-compress-1.21.jar;C:\Users\user\.m2\repository\org\codehaus\groovy\groovy-all\2.4.21\groovy-all-2.4.21.jar;C:\Users\user\.m2\repository\org\connectbot\jbcrypt\jbcrypt\1.0.0\jbcrypt-1.0.0.jar;C:\Users\user\.m2\repository\org\fusesource\jansi\jansi\1.11\jansi-1.11.jar;C:\Users\user\.m2\repository\org\jenkins-ci\annotation-indexer\1.16\annotation-indexer-1.16.jar;C:\Users\user\.m2\repository\org\jenkins-ci\commons-jexl\1.1-jenkins-20111212\commons-jexl-1.1-jenkins-20111212.jar;C:\Users\user\.m2\repository\org\jenkins-ci\crypto-util\1.7\crypto-util-1.7.jar;C:\Users\user\.m2\repository\org\jenkins-ci\memory-monitor\1.11\memory-monitor-1.11.jar;C:\Users\user\.m2\repository\org\jenkins-ci\symbol-annotation\1.23\symbol-annotation-1.23.jar;C:\Users\user\.m2\repository\org\jenkins-ci\task-reactor\1.7\task-reactor-1.7.jar;C:\Users\user\.m2\repository\org\jenkins-ci\version-number\1.10\version-number-1.10.jar;C:\Users\user\.m2\repository\org\jenkins-ci\main\websocket-spi\2.361.4\websocket-spi-2.361.4.jar;C:\Users\user\.m2\repository\org\jfree\jfreechart\1.0.19\jfreechart-1.0.19.jar;C:\Users\user\.m2\repository\org\jfree\jcommon\1.0.23\jcommon-1.0.23.jar;C:\Users\user\.m2\repository\org\jvnet\hudson\commons-jelly-tags-define\1.0.1-hudson-20071021\commons-jelly-tags-define-1.0.1-hudson-20071021.jar;C:\Users\user\.m2\repository\org\jvnet\localizer\localizer\1.31\localizer-1.31.jar;C:\Users\user\.m2\repository\org\jvnet\robust-http-client\robust-http-client\1.2\robust-http-client-1.2.jar;C:\Users\user\.m2\repository\org\jvnet\winp\winp\1.28\winp-1.28.jar;C:\Users\user\.m2\repository\org\kohsuke\access-modifier-annotation\1.27\access-modifier-annotation-1.27.jar;C:\Users\user\.m2\repository\org\kohsuke\windows-package-checker\1.2\windows-package-checker-1.2.jar;C:\Users\user\.m2\repository\org\kohsuke\jinterop\j-interop\2.0.8-kohsuke-1\j-interop-2.0.8-kohsuke-1.jar;C:\Users\user\.m2\repository\org\kohsuke\jinterop\j-interopdeps\2.0.8-kohsuke-1\j-interopdeps-2.0.8-kohsuke-1.jar;C:\Users\user\.m2\repository\org\samba\jcifs\jcifs\1.3.18-kohsuke-1\jcifs-1.3.18-kohsuke-1.jar;C:\Users\user\.m2\repository\org\kohsuke\stapler\json-lib\2.4-jenkins-3\json-lib-2.4-jenkins-3.jar;C:\Users\user\.m2\repository\net\sf\ezmorph\ezmorph\1.0.6\ezmorph-1.0.6.jar;C:\Users\user\.m2\repository\org\kohsuke\stapler\stapler\1711.1713.vc400cfb_5597a_\stapler-1711.1713.vc400cfb_5597a_.jar;C:\Users\user\.m2\repository\commons-discovery\commons-discovery\0.5\commons-discovery-0.5.jar;C:\Users\user\.m2\repository\jakarta\annotation\jakarta.annotation-api\2.1.1\jakarta.annotation-api-2.1.1.jar;C:\Users\user\.m2\repository\javax\annotation\javax.annotation-api\1.3.2\javax.annotation-api-1.3.2.jar;C:\Users\user\.m2\repository\org\jvnet\tiger-types\2.2\tiger-types-2.2.jar;C:\Users\user\.m2\repository\org\kohsuke\stapler\stapler-adjunct-codemirror\1.3\stapler-adjunct-codemirror-1.3.jar;C:\Users\user\.m2\repository\org\kohsuke\stapler\stapler-adjunct-timeline\1.5\stapler-adjunct-timeline-1.5.jar;C:\Users\user\.m2\repository\org\kohsuke\stapler\stapler-groovy\1711.1713.vc400cfb_5597a_\stapler-groovy-1711.1713.vc400cfb_5597a_.jar;C:\Users\user\.m2\repository\org\kohsuke\stapler\stapler-jelly\1711.1713.vc400cfb_5597a_\stapler-jelly-1711.1713.vc400cfb_5597a_.jar;C:\Users\user\.m2\repository\org\dom4j\dom4j\2.1.3\dom4j-2.1.3.jar;C:\Users\user\.m2\repository\org\jenkins-ci\commons-jelly\1.1-jenkins-20220630\commons-jelly-1.1-jenkins-20220630.jar;C:\Users\user\.m2\repository\org\ow2\asm\asm\9.3\asm-9.3.jar;C:\Users\user\.m2\repository\org\ow2\asm\asm-analysis\9.3\asm-analysis-9.3.jar;C:\Users\user\.m2\repository\org\ow2\asm\asm-commons\9.3\asm-commons-9.3.jar;C:\Users\user\.m2\repository\org\ow2\asm\asm-tree\9.3\asm-tree-9.3.jar;C:\Users\user\.m2\repository\org\ow2\asm\asm-util\9.3\asm-util-9.3.jar;C:\Users\user\.m2\repository\org\slf4j\jcl-over-slf4j\1.7.36\jcl-over-slf4j-1.7.36.jar;C:\Users\user\.m2\repository\org\slf4j\slf4j-api\1.7.36\slf4j-api-1.7.36.jar;C:\Users\user\.m2\repository\org\slf4j\log4j-over-slf4j\1.7.36\log4j-over-slf4j-1.7.36.jar;C:\Users\user\.m2\repository\org\springframework\security\spring-security-web\5.7.2\spring-security-web-5.7.2.jar;C:\Users\user\.m2\repository\org\springframework\security\spring-security-core\5.7.2\spring-security-core-5.7.2.jar;C:\Users\user\.m2\repository\org\springframework\security\spring-security-crypto\5.7.2\spring-security-crypto-5.7.2.jar;C:\Users\user\.m2\repository\org\springframework\spring-core\5.3.22\spring-core-5.3.22.jar;C:\Users\user\.m2\repository\org\springframework\spring-aop\5.3.22\spring-aop-5.3.22.jar;C:\Users\user\.m2\repository\org\springframework\spring-beans\5.3.22\spring-beans-5.3.22.jar;C:\Users\user\.m2\repository\org\springframework\spring-context\5.3.22\spring-context-5.3.22.jar;C:\Users\user\.m2\repository\org\springframework\spring-expression\5.3.22\spring-expression-5.3.22.jar;C:\Users\user\.m2\repository\org\springframework\spring-web\5.3.22\spring-web-5.3.22.jar;C:\Users\user\.m2\repository\xpp3\xpp3\1.1.4c\xpp3-1.1.4c.jar;C:\Users\user\.m2\repository\org\jenkins-ci\main\jenkins-war\2.361.4\jenkins-war-2.361.4.war;C:\Users\user\.m2\repository\org\jenkins-ci\main\websocket-jetty10\2.361.4\websocket-jetty10-2.361.4.jar;C:\Users\user\.m2\repository\org\kohsuke\metainf-services\metainf-services\1.9\metainf-services-1.9.jar;C:\Users\user\.m2\repository\org\jenkins-ci\main\websocket-jetty9\2.361.4\websocket-jetty9-2.361.4.jar;C:\Users\user\.m2\repository\org\slf4j\slf4j-jdk14\1.7.36\slf4j-jdk14-1.7.36.jar;C:\Users\user\.m2\repository\jakarta\servlet\jakarta.servlet-api\4.0.4\jakarta.servlet-api-4.0.4.jar;C:\Users\user\.m2\repository\commons-logging\commons-logging\1.2\commons-logging-1.2.jar;C:\Users\user\.m2\repository\org\jenkins-ci\main\jenkins-test-harness\1971.v8a_5a_6cfd6e5d\jenkins-test-harness-1971.v8a_5a_6cfd6e5d.jar;C:\Users\user\.m2\repository\org\jenkins-ci\main\jenkins-test-harness-htmlunit\141.v740721146265\jenkins-test-harness-htmlunit-141.v740721146265.jar;C:\Users\user\.m2\repository\commons-net\commons-net\3.9.0\commons-net-3.9.0.jar;C:\Users\user\.m2\repository\org\brotli\dec\0.1.2\dec-0.1.2.jar;C:\Users\user\.m2\repository\com\shapesecurity\salvation2\3.0.1\salvation2-3.0.1.jar;C:\Users\user\.m2\repository\io\jenkins\lib\support-log-formatter\1.2\support-log-formatter-1.2.jar;C:\Users\user\.m2\repository\junit\junit\4.13.2\junit-4.13.2.jar;C:\Users\user\.m2\repository\org\eclipse\jetty\jetty-security\10.0.15\jetty-security-10.0.15.jar;C:\Users\user\.m2\repository\org\eclipse\jetty\jetty-server\10.0.15\jetty-server-10.0.15.jar;C:\Users\user\.m2\repository\org\eclipse\jetty\jetty-http\10.0.15\jetty-http-10.0.15.jar;C:\Users\user\.m2\repository\org\eclipse\jetty\jetty-io\10.0.15\jetty-io-10.0.15.jar;C:\Users\user\.m2\repository\org\eclipse\jetty\jetty-webapp\10.0.15\jetty-webapp-10.0.15.jar;C:\Users\user\.m2\repository\org\eclipse\jetty\jetty-servlet\10.0.15\jetty-servlet-10.0.15.jar;C:\Users\user\.m2\repository\org\eclipse\jetty\jetty-xml\10.0.15\jetty-xml-10.0.15.jar;C:\Users\user\.m2\repository\org\eclipse\jetty\jetty-util\10.0.15\jetty-util-10.0.15.jar;C:\Users\user\.m2\repository\org\eclipse\jetty\websocket\websocket-jetty-server\10.0.15\websocket-jetty-server-10.0.15.jar;C:\Users\user\.m2\repository\org\eclipse\jetty\websocket\websocket-jetty-api\10.0.15\websocket-jetty-api-10.0.15.jar;C:\Users\user\.m2\repository\org\eclipse\jetty\websocket\websocket-jetty-common\10.0.15\websocket-jetty-common-10.0.15.jar;C:\Users\user\.m2\repository\org\eclipse\jetty\websocket\websocket-core-common\10.0.15\websocket-core-common-10.0.15.jar;C:\Users\user\.m2\repository\org\eclipse\jetty\websocket\websocket-servlet\10.0.15\websocket-servlet-10.0.15.jar;C:\Users\user\.m2\repository\org\eclipse\jetty\websocket\websocket-core-server\10.0.15\websocket-core-server-10.0.15.jar;C:\Users\user\.m2\repository\org\eclipse\jetty\toolchain\jetty-servlet-api\4.0.6\jetty-servlet-api-4.0.6.jar;C:\Users\user\.m2\repository\org\hamcrest\hamcrest\2.2\hamcrest-2.2.jar;C:\Users\user\.m2\repository\org\hamcrest\hamcrest-core\2.2\hamcrest-core-2.2.jar;C:\Users\user\.m2\repository\org\hamcrest\hamcrest-library\2.2\hamcrest-library-2.2.jar;C:\Users\user\.m2\repository\org\junit\jupiter\junit-jupiter-api\5.9.3\junit-jupiter-api-5.9.3.jar;C:\Users\user\.m2\repository\org\opentest4j\opentest4j\1.2.0\opentest4j-1.2.0.jar;C:\Users\user\.m2\repository\org\junit\platform\junit-platform-commons\1.9.3\junit-platform-commons-1.9.3.jar;C:\Users\user\.m2\repository\org\jvnet\hudson\embedded-rhino-debugger\1.2\embedded-rhino-debugger-1.2.jar;C:\Users\user\.m2\repository\org\netbeans\modules\org-netbeans-insane\RELEASE170\org-netbeans-insane-RELEASE170.jar;C:\Users\user\.m2\repository\org\openjdk\jmh\jmh-core\1.36\jmh-core-1.36.jar;C:\Users\user\.m2\repository\net\sf\jopt-simple\jopt-simple\5.0.4\jopt-simple-5.0.4.jar;C:\Users\user\.m2\repository\org\apache\commons\commons-math3\3.2\commons-math3-3.2.jar;C:\Users\user\.m2\repository\org\openjdk\jmh\jmh-generator-annprocess\1.36\jmh-generator-annprocess-1.36.jar;C:\Users\user\.m2\repository\org\jenkins-ci\test-annotations\1.4\test-annotations-1.4.jar;C:\Users\user\.m2\repository\org\junit\jupiter\junit-jupiter\5.9.3\junit-jupiter-5.9.3.jar;C:\Users\user\.m2\repository\org\junit\jupiter\junit-jupiter-params\5.9.3\junit-jupiter-params-5.9.3.jar;C:\Users\user\.m2\repository\org\junit\jupiter\junit-jupiter-engine\5.9.3\junit-jupiter-engine-5.9.3.jar;C:\Users\user\.m2\repository\org\junit\vintage\junit-vintage-engine\5.9.3\junit-vintage-engine-5.9.3.jar;C:\Users\user\.m2\repository\org\junit\platform\junit-platform-engine\1.9.3\junit-platform-engine-1.9.3.jar;C:\Users\user\.m2\repository\org\apiguardian\apiguardian-api\1.1.2\apiguardian-api-1.1.2.jar;"/>
    <property name="sun.cpu.endian" value="little"/>
    <property name="user.home" value="C:\Users\user"/>
    <property name="user.language" value="ru"/>
    <property name="java.specification.vendor" value="Oracle Corporation"/>
    <property name="org.mortbay.jetty.Request.maxFormContentSize" value="-1"/>
    <property name="java.version.date" value="2025-04-15"/>
    <property name="java.home" value="C:\Program Files\Java\jdk-11"/>
    <property name="surefire.forkNumber" value="1"/>
    <property name="file.separator" value="\"/>
    <property name="style.color" value="always"/>
    <property name="basedir" value="C:\Program Files\Jenkins\masters_degree\jenkins-security-analyzer"/>
    <property name="java.vm.compressedOopsMode" value="32-bit"/>
    <property name="line.separator" value="&#10;"/>
    <property name="java.specification.name" value="Java Platform API Specification"/>
    <property name="java.vm.specification.vendor" value="Oracle Corporation"/>
    <property name="java.awt.graphicsenv" value="sun.awt.Win32GraphicsEnvironment"/>
    <property name="java.awt.headless" value="true"/>
    <property name="surefire.real.class.path" value="C:\Users\user\AppData\Local\Temp\surefire10135954449985764095\surefirebooter-20250508211152554_3.jar"/>
    <property name="user.script" value=""/>
    <property name="sun.management.compiler" value="HotSpot 64-Bit Tiered Compilers"/>
    <property name="java.runtime.version" value="11.0.27+8-LTS-232"/>
    <property name="user.name" value="user"/>
    <property name="path.separator" value=";"/>
    <property name="os.version" value="10.0"/>
    <property name="java.runtime.name" value="Java(TM) SE Runtime Environment"/>
    <property name="file.encoding" value="Cp1251"/>
    <property name="jnidispatch.path" value="C:\Program Files\Jenkins\masters_degree\jenkins-security-analyzer\target\tmp\jna-3599307\jna8444055826956378246.dll"/>
    <property name="java.vm.name" value="Java HotSpot(TM) 64-Bit Server VM"/>
    <property name="java.vendor.version" value="18.9"/>
    <property name="localRepository" value="C:\Users\user\.m2\repository"/>
    <property name="jna.loaded" value="true"/>
    <property name="java.vendor.url.bug" value="https://bugreport.java.com/bugreport/"/>
    <property name="jetty.git.hash" value="68017dbd00236bb7e187330d7585a059610f661d"/>
    <property name="java.io.tmpdir" value="C:\Program Files\Jenkins\masters_degree\jenkins-security-analyzer\target/tmp"/>
    <property name="java.version" value="11.0.27"/>
    <property name="user.dir" value="C:\Program Files\Jenkins\masters_degree\jenkins-security-analyzer"/>
    <property name="os.arch" value="amd64"/>
    <property name="jenkins.model.Jenkins.SHOW_STACK_TRACE" value="true"/>
    <property name="maven.multiModuleProjectDirectory" value="C:\Program Files\Jenkins\masters_degree\jenkins-security-analyzer"/>
    <property name="java.vm.specification.name" value="Java Virtual Machine Specification"/>
    <property name="java.awt.printerjob" value="sun.awt.windows.WPrinterJob"/>
    <property name="sun.os.patch.level" value=""/>
    <property name="java.library.path" value="C:\Program Files\Java\jdk-11\bin;C:\Windows\Sun\Java\bin;C:\Windows\system32;C:\Windows;C:\Program Files\Common Files\Oracle\Java\javapath;C:\Program Files\Eclipse Adoptium\jdk-21.0.7.6-hotspot\bin;C:\Program Files (x86)\VMware\VMware Workstation\bin\;C:\Windows\system32;C:\Windows;C:\Windows\System32\Wbem;C:\Windows\System32\WindowsPowerShell\v1.0\;C:\Windows\System32\OpenSSH\;C:\Program Files\dotnet\;C:\Program Files (x86)\HP\Common\HPDestPlgIn\;C:\Program Files (x86)\HP\IdrsOCR_15.2.10.1114\;C:\Program Files\Microsoft SQL Server\Client SDK\ODBC\170\Tools\Binn\;C:\Program Files (x86)\Microsoft SQL Server\150\Tools\Binn\;C:\Program Files\Microsoft SQL Server\150\Tools\Binn\;C:\Program Files\Microsoft SQL Server\150\DTS\Binn\;C:\Program Files (x86)\Microsoft SQL Server\150\DTS\Binn\;C:\Program Files\Azure Data Studio\bin;C:\Program Files\PuTTY\;C:\Program Files (x86)\GNU Arm Embedded Toolchain\10 2021.10\arm-none-eabi\bin;C:\Program Files (x86)\GNU Arm Embedded Toolchain\10 2021.10\bin;C:\Program Files\Microsoft SQL Server\120\Tools\Binn\;C:\Program Files\Git\cmd;C:\Program Files\Red Hat OpenShift Local\;C:\Users\user\AppData\Local\Microsoft\WindowsApps;C:\Users\user\.dotnet\tools;C:\Program Files\JetBrains\IntelliJ IDEA 2022.3.2\bin;C:\Program Files\JetBrains\IntelliJ IDEA Community Edition 2022.3.2\bin;C:\kubectl;C:\Program Files\Docker\Docker\resources\bin;C:\Program Files\apache-maven-3.8.6\bin;C:\Program Files\apache-maven-3.8.6\bin;;."/>
    <property name="java.vendor" value="Oracle Corporation"/>
    <property name="java.vm.info" value="mixed mode"/>
    <property name="java.vm.version" value="11.0.27+8-LTS-232"/>
    <property name="java.specification.maintenance.version" value="3"/>
    <property name="sun.io.unicode.encoding" value="UnicodeLittle"/>
    <property name="java.class.version" value="55.0"/>
  </properties>
  <testcase name="" classname="org.jvnet.hudson.test.JellyTestSuiteBuilder$JellyCheck" time="0.223">
    <system-out><![CDATA[Running tests for com.example.jenkins:jenkins-security-analyzer:1.0.0
]]></system-out>
    <system-err><![CDATA[May 08, 2025 9:11:54 PM org.jvnet.hudson.test.WarExploder explode
INFO: Exploding C:\Users\user\.m2\repository\org\jenkins-ci\main\jenkins-war\2.361.4\jenkins-war-2.361.4.war into C:\Program Files\Jenkins\masters_degree\jenkins-security-analyzer\target\jenkins-for-test
May 08, 2025 9:11:57 PM org.eclipse.jetty.server.handler.ContextHandler setContextPath
WARNING: Empty contextPath
May 08, 2025 9:11:57 PM org.eclipse.jetty.server.Server doStart
INFO: jetty-10.0.15; built: 2023-04-11T17:25:14.480Z; git: 68017dbd00236bb7e187330d7585a059610f661d; jvm 11.0.27+8-LTS-232
May 08, 2025 9:11:57 PM org.eclipse.jetty.webapp.StandardDescriptorProcessor visitServlet
INFO: NO JSP Support for /, did not find org.eclipse.jetty.jsp.JettyJspServlet
May 08, 2025 9:11:57 PM org.eclipse.jetty.server.session.DefaultSessionIdManager doStart
INFO: Session workerName=node0
May 08, 2025 9:11:57 PM org.eclipse.jetty.server.handler.ContextHandler doStart
INFO: Started o.e.j.w.WebAppContext@1dc76fa1{Jenkins v2.361.4,/,file:///C:/Program%20Files/Jenkins/masters_degree/jenkins-security-analyzer/target/jenkins-for-test/,AVAILABLE}{C:\Program Files\Jenkins\masters_degree\jenkins-security-analyzer\target\jenkins-for-test}
May 08, 2025 9:11:57 PM org.eclipse.jetty.server.AbstractConnector doStart
INFO: Started ServerConnector@f72203{HTTP/1.1, (http/1.1)}{localhost:62762}
May 08, 2025 9:11:57 PM org.eclipse.jetty.server.Server doStart
INFO: Started Server@4f63e3c7{STARTING}[10.0.15,sto=0] @5299ms
May 08, 2025 9:11:58 PM jenkins.InitReactorRunner$1 onAttained
INFO: Started initialization
May 08, 2025 9:11:58 PM hudson.PluginManager considerDetachedPlugin
INFO: Loading a detached plugin as a dependency: C:\Program Files\Jenkins\masters_degree\jenkins-security-analyzer\target\tmp\jenkins16050676135201921833\plugins\sshd.jpi
May 08, 2025 9:11:58 PM hudson.PluginManager considerDetachedPlugin
INFO: Loading a detached plugin as a dependency: C:\Program Files\Jenkins\masters_degree\jenkins-security-analyzer\target\tmp\jenkins16050676135201921833\plugins\javax-activation-api.jpi
May 08, 2025 9:11:58 PM hudson.PluginManager considerDetachedPlugin
INFO: Loading a detached plugin as a dependency: C:\Program Files\Jenkins\masters_degree\jenkins-security-analyzer\target\tmp\jenkins16050676135201921833\plugins\javax-mail-api.jpi
May 08, 2025 9:11:58 PM hudson.PluginManager considerDetachedPlugin
INFO: Loading a detached plugin as a dependency: C:\Program Files\Jenkins\masters_degree\jenkins-security-analyzer\target\tmp\jenkins16050676135201921833\plugins\bouncycastle-api.jpi
May 08, 2025 9:11:58 PM hudson.PluginManager considerDetachedPlugin
INFO: Loading a detached plugin as a dependency: C:\Program Files\Jenkins\masters_degree\jenkins-security-analyzer\target\tmp\jenkins16050676135201921833\plugins\instance-identity.jpi
May 08, 2025 9:11:58 PM hudson.PluginManager considerDetachedPlugin
INFO: Loading a detached plugin as a dependency: C:\Program Files\Jenkins\masters_degree\jenkins-security-analyzer\target\tmp\jenkins16050676135201921833\plugins\trilead-api.jpi
May 08, 2025 9:11:59 PM jenkins.InitReactorRunner$1 onAttained
INFO: Listed all plugins
May 08, 2025 9:12:03 PM jenkins.InitReactorRunner$1 onAttained
INFO: Prepared all plugins
May 08, 2025 9:12:03 PM jenkins.InitReactorRunner$1 onAttained
INFO: Started all plugins
May 08, 2025 9:12:03 PM jenkins.InitReactorRunner$1 onAttained
INFO: Augmented all extensions
May 08, 2025 9:12:04 PM jenkins.InitReactorRunner$1 onAttained
INFO: System config loaded
May 08, 2025 9:12:04 PM jenkins.InitReactorRunner$1 onAttained
INFO: System config adapted
May 08, 2025 9:12:04 PM jenkins.InitReactorRunner$1 onAttained
INFO: Loaded all jobs
May 08, 2025 9:12:04 PM jenkins.InitReactorRunner$1 onAttained
INFO: Configuration for all jobs updated
May 08, 2025 9:12:04 PM jenkins.InitReactorRunner$1 onAttained
INFO: Completed initialization
May 08, 2025 9:12:04 PM org.eclipse.jetty.server.Server doStart
INFO: jetty-10.0.15; built: 2023-04-11T17:25:14.480Z; git: 68017dbd00236bb7e187330d7585a059610f661d; jvm 11.0.27+8-LTS-232
May 08, 2025 9:12:04 PM org.eclipse.jetty.server.session.DefaultSessionIdManager doStart
INFO: Session workerName=node0
May 08, 2025 9:12:04 PM org.eclipse.jetty.server.handler.ContextHandler doStart
INFO: Started o.e.j.s.ServletContextHandler@574b7f4a{/,null,AVAILABLE}
May 08, 2025 9:12:04 PM org.eclipse.jetty.server.AbstractConnector doStart
INFO: Started ServerConnector@32177fa5{HTTP/1.1, (http/1.1)}{0.0.0.0:62776}
May 08, 2025 9:12:04 PM org.eclipse.jetty.server.Server doStart
INFO: Started Server@6ab4a5b{STARTING}[10.0.15,sto=0] @11932ms
]]></system-err>
  </testcase>
  <testcase name="" classname="org.jvnet.hudson.test.JellyTestSuiteBuilder$JellyCheck" time="0.002"/>
  <testcase name="testCliSanity" classname="InjectedTest" time="0.013"/>
  <testcase name="testPluginActive" classname="InjectedTest" time="0.0"/>
  <testcase name="" classname="org.jvnet.hudson.test.junit.FailedTest" time="0.001">
    <system-err><![CDATA[May 08, 2025 9:12:11 PM org.eclipse.jetty.server.Server doStop
INFO: Stopped Server@4f63e3c7{STOPPING}[10.0.15,sto=0]
May 08, 2025 9:12:11 PM org.eclipse.jetty.server.AbstractConnector doStop
INFO: Stopped ServerConnector@f72203{HTTP/1.1, (http/1.1)}{localhost:0}
May 08, 2025 9:12:11 PM org.eclipse.jetty.server.handler.ContextHandler doStop
INFO: Stopped o.e.j.w.WebAppContext@1dc76fa1{Jenkins v2.361.4,/,file:///C:/Program%20Files/Jenkins/masters_degree/jenkins-security-analyzer/target/jenkins-for-test/,STOPPED}{C:\Program Files\Jenkins\masters_degree\jenkins-security-analyzer\target\jenkins-for-test}
May 08, 2025 9:12:11 PM hudson.lifecycle.Lifecycle onStatusUpdate
INFO: Stopping Jenkins
May 08, 2025 9:12:11 PM hudson.lifecycle.Lifecycle onStatusUpdate
INFO: Jenkins stopped
]]></system-err>
  </testcase>
</testsuite>